<?xml version="1.0" encoding="UTF-8"?>
<testsuite xmlns:xsi="http://www.w3.org/2001/XMLSchema-instance" xsi:noNamespaceSchemaLocation="https://maven.apache.org/surefire/maven-surefire-plugin/xsd/surefire-test-report.xsd" name="com.zhengyuan.liunao.TestSpboot2.TestSpboot2ApplicationTests" time="7.327" tests="1" errors="0" skipped="0" failures="0">
  <properties>
    <property name="sun.desktop" value="windows"/>
    <property name="awt.toolkit" value="sun.awt.windows.WToolkit"/>
    <property name="file.encoding.pkg" value="sun.io"/>
    <property name="java.specification.version" value="1.8"/>
    <property name="sun.cpu.isalist" value="amd64"/>
    <property name="sun.jnu.encoding" value="GBK"/>
    <property name="java.class.path" value="D:\workspace\CreditReferencePlatform\target\test-classes;D:\workspace\CreditReferencePlatform\target\classes;D:\workspace\MavenRepository\org\springframework\boot\spring-boot-starter-web\2.0.4.RELEASE\spring-boot-starter-web-2.0.4.RELEASE.jar;D:\workspace\MavenRepository\org\springframework\boot\spring-boot-starter\2.0.4.RELEASE\spring-boot-starter-2.0.4.RELEASE.jar;D:\workspace\MavenRepository\org\springframework\boot\spring-boot-starter-logging\2.0.4.RELEASE\spring-boot-starter-logging-2.0.4.RELEASE.jar;D:\workspace\MavenRepository\ch\qos\logback\logback-classic\1.2.3\logback-classic-1.2.3.jar;D:\workspace\MavenRepository\ch\qos\logback\logback-core\1.2.3\logback-core-1.2.3.jar;D:\workspace\MavenRepository\org\apache\logging\log4j\log4j-to-slf4j\2.10.0\log4j-to-slf4j-2.10.0.jar;D:\workspace\MavenRepository\org\apache\logging\log4j\log4j-api\2.10.0\log4j-api-2.10.0.jar;D:\workspace\MavenRepository\org\slf4j\jul-to-slf4j\1.7.25\jul-to-slf4j-1.7.25.jar;D:\workspace\MavenRepository\org\yaml\snakeyaml\1.19\snakeyaml-1.19.jar;D:\workspace\MavenRepository\org\springframework\boot\spring-boot-starter-json\2.0.4.RELEASE\spring-boot-starter-json-2.0.4.RELEASE.jar;D:\workspace\MavenRepository\com\fasterxml\jackson\datatype\jackson-datatype-jdk8\2.9.6\jackson-datatype-jdk8-2.9.6.jar;D:\workspace\MavenRepository\com\fasterxml\jackson\datatype\jackson-datatype-jsr310\2.9.6\jackson-datatype-jsr310-2.9.6.jar;D:\workspace\MavenRepository\com\fasterxml\jackson\module\jackson-module-parameter-names\2.9.6\jackson-module-parameter-names-2.9.6.jar;D:\workspace\MavenRepository\org\hibernate\validator\hibernate-validator\6.0.11.Final\hibernate-validator-6.0.11.Final.jar;D:\workspace\MavenRepository\org\jboss\logging\jboss-logging\3.3.2.Final\jboss-logging-3.3.2.Final.jar;D:\workspace\MavenRepository\org\springframework\spring-web\5.0.8.RELEASE\spring-web-5.0.8.RELEASE.jar;D:\workspace\MavenRepository\org\springframework\spring-beans\5.0.8.RELEASE\spring-beans-5.0.8.RELEASE.jar;D:\workspace\MavenRepository\org\springframework\spring-webmvc\5.0.8.RELEASE\spring-webmvc-5.0.8.RELEASE.jar;D:\workspace\MavenRepository\org\springframework\spring-aop\5.0.8.RELEASE\spring-aop-5.0.8.RELEASE.jar;D:\workspace\MavenRepository\org\springframework\spring-expression\5.0.8.RELEASE\spring-expression-5.0.8.RELEASE.jar;D:\workspace\MavenRepository\org\springframework\boot\spring-boot-starter-tomcat\2.0.4.RELEASE\spring-boot-starter-tomcat-2.0.4.RELEASE.jar;D:\workspace\MavenRepository\javax\annotation\javax.annotation-api\1.3.2\javax.annotation-api-1.3.2.jar;D:\workspace\MavenRepository\org\apache\tomcat\embed\tomcat-embed-core\8.5.32\tomcat-embed-core-8.5.32.jar;D:\workspace\MavenRepository\org\apache\tomcat\embed\tomcat-embed-el\8.5.32\tomcat-embed-el-8.5.32.jar;D:\workspace\MavenRepository\org\apache\tomcat\embed\tomcat-embed-websocket\8.5.32\tomcat-embed-websocket-8.5.32.jar;D:\workspace\MavenRepository\junit\junit\4.12\junit-4.12.jar;D:\workspace\MavenRepository\org\hamcrest\hamcrest-core\1.3\hamcrest-core-1.3.jar;D:\workspace\MavenRepository\javax\servlet\javax.servlet-api\3.1.0\javax.servlet-api-3.1.0.jar;D:\workspace\MavenRepository\javax\servlet\jstl\1.2\jstl-1.2.jar;D:\workspace\MavenRepository\org\apache\tomcat\embed\tomcat-embed-jasper\8.5.32\tomcat-embed-jasper-8.5.32.jar;D:\workspace\MavenRepository\org\eclipse\jdt\ecj\3.12.3\ecj-3.12.3.jar;D:\workspace\MavenRepository\org\springframework\boot\spring-boot-devtools\2.0.4.RELEASE\spring-boot-devtools-2.0.4.RELEASE.jar;D:\workspace\MavenRepository\org\springframework\boot\spring-boot\2.0.4.RELEASE\spring-boot-2.0.4.RELEASE.jar;D:\workspace\MavenRepository\org\springframework\boot\spring-boot-autoconfigure\2.0.4.RELEASE\spring-boot-autoconfigure-2.0.4.RELEASE.jar;D:\workspace\MavenRepository\mysql\mysql-connector-java\5.1.21\mysql-connector-java-5.1.21.jar;D:\workspace\MavenRepository\org\springframework\boot\spring-boot-starter-data-jpa\2.0.4.RELEASE\spring-boot-starter-data-jpa-2.0.4.RELEASE.jar;D:\workspace\MavenRepository\org\springframework\boot\spring-boot-starter-aop\2.0.4.RELEASE\spring-boot-starter-aop-2.0.4.RELEASE.jar;D:\workspace\MavenRepository\org\springframework\boot\spring-boot-starter-jdbc\2.0.4.RELEASE\spring-boot-starter-jdbc-2.0.4.RELEASE.jar;D:\workspace\MavenRepository\com\zaxxer\HikariCP\2.7.9\HikariCP-2.7.9.jar;D:\workspace\MavenRepository\org\springframework\spring-jdbc\5.0.8.RELEASE\spring-jdbc-5.0.8.RELEASE.jar;D:\workspace\MavenRepository\org\hibernate\hibernate-core\5.2.17.Final\hibernate-core-5.2.17.Final.jar;D:\workspace\MavenRepository\org\hibernate\javax\persistence\hibernate-jpa-2.1-api\1.0.2.Final\hibernate-jpa-2.1-api-1.0.2.Final.jar;D:\workspace\MavenRepository\org\javassist\javassist\3.22.0-GA\javassist-3.22.0-GA.jar;D:\workspace\MavenRepository\antlr\antlr\2.7.7\antlr-2.7.7.jar;D:\workspace\MavenRepository\org\jboss\jandex\2.0.3.Final\jandex-2.0.3.Final.jar;D:\workspace\MavenRepository\org\hibernate\common\hibernate-commons-annotations\5.0.1.Final\hibernate-commons-annotations-5.0.1.Final.jar;D:\workspace\MavenRepository\javax\transaction\javax.transaction-api\1.2\javax.transaction-api-1.2.jar;D:\workspace\MavenRepository\org\springframework\data\spring-data-jpa\2.0.9.RELEASE\spring-data-jpa-2.0.9.RELEASE.jar;D:\workspace\MavenRepository\org\springframework\data\spring-data-commons\2.0.9.RELEASE\spring-data-commons-2.0.9.RELEASE.jar;D:\workspace\MavenRepository\org\springframework\spring-orm\5.0.8.RELEASE\spring-orm-5.0.8.RELEASE.jar;D:\workspace\MavenRepository\org\springframework\spring-tx\5.0.8.RELEASE\spring-tx-5.0.8.RELEASE.jar;D:\workspace\MavenRepository\org\springframework\spring-aspects\5.0.8.RELEASE\spring-aspects-5.0.8.RELEASE.jar;D:\workspace\MavenRepository\org\projectlombok\lombok\1.16.20\lombok-1.16.20.jar;D:\workspace\MavenRepository\org\springframework\boot\spring-boot-starter-test\2.0.4.RELEASE\spring-boot-starter-test-2.0.4.RELEASE.jar;D:\workspace\MavenRepository\org\springframework\boot\spring-boot-test\2.0.4.RELEASE\spring-boot-test-2.0.4.RELEASE.jar;D:\workspace\MavenRepository\org\springframework\boot\spring-boot-test-autoconfigure\2.0.4.RELEASE\spring-boot-test-autoconfigure-2.0.4.RELEASE.jar;D:\workspace\MavenRepository\com\jayway\jsonpath\json-path\2.4.0\json-path-2.4.0.jar;D:\workspace\MavenRepository\net\minidev\json-smart\2.3\json-smart-2.3.jar;D:\workspace\MavenRepository\net\minidev\accessors-smart\1.2\accessors-smart-1.2.jar;D:\workspace\MavenRepository\org\ow2\asm\asm\5.0.4\asm-5.0.4.jar;D:\workspace\MavenRepository\org\assertj\assertj-core\3.9.1\assertj-core-3.9.1.jar;D:\workspace\MavenRepository\org\mockito\mockito-core\2.15.0\mockito-core-2.15.0.jar;D:\workspace\MavenRepository\net\bytebuddy\byte-buddy\1.7.11\byte-buddy-1.7.11.jar;D:\workspace\MavenRepository\net\bytebuddy\byte-buddy-agent\1.7.11\byte-buddy-agent-1.7.11.jar;D:\workspace\MavenRepository\org\objenesis\objenesis\2.6\objenesis-2.6.jar;D:\workspace\MavenRepository\org\hamcrest\hamcrest-library\1.3\hamcrest-library-1.3.jar;D:\workspace\MavenRepository\org\skyscreamer\jsonassert\1.5.0\jsonassert-1.5.0.jar;D:\workspace\MavenRepository\com\vaadin\external\google\android-json\0.0.20131108.vaadin1\android-json-0.0.20131108.vaadin1.jar;D:\workspace\MavenRepository\org\springframework\spring-core\5.0.8.RELEASE\spring-core-5.0.8.RELEASE.jar;D:\workspace\MavenRepository\org\springframework\spring-jcl\5.0.8.RELEASE\spring-jcl-5.0.8.RELEASE.jar;D:\workspace\MavenRepository\org\springframework\spring-test\5.0.8.RELEASE\spring-test-5.0.8.RELEASE.jar;D:\workspace\MavenRepository\org\xmlunit\xmlunit-core\2.5.1\xmlunit-core-2.5.1.jar;D:\workspace\MavenRepository\org\springframework\boot\spring-boot-starter-data-redis\2.0.4.RELEASE\spring-boot-starter-data-redis-2.0.4.RELEASE.jar;D:\workspace\MavenRepository\org\springframework\data\spring-data-redis\2.0.9.RELEASE\spring-data-redis-2.0.9.RELEASE.jar;D:\workspace\MavenRepository\org\springframework\data\spring-data-keyvalue\2.0.9.RELEASE\spring-data-keyvalue-2.0.9.RELEASE.jar;D:\workspace\MavenRepository\org\springframework\spring-oxm\5.0.8.RELEASE\spring-oxm-5.0.8.RELEASE.jar;D:\workspace\MavenRepository\io\lettuce\lettuce-core\5.0.4.RELEASE\lettuce-core-5.0.4.RELEASE.jar;D:\workspace\MavenRepository\io\projectreactor\reactor-core\3.1.8.RELEASE\reactor-core-3.1.8.RELEASE.jar;D:\workspace\MavenRepository\org\reactivestreams\reactive-streams\1.0.2\reactive-streams-1.0.2.jar;D:\workspace\MavenRepository\io\netty\netty-common\4.1.27.Final\netty-common-4.1.27.Final.jar;D:\workspace\MavenRepository\io\netty\netty-transport\4.1.27.Final\netty-transport-4.1.27.Final.jar;D:\workspace\MavenRepository\io\netty\netty-buffer\4.1.27.Final\netty-buffer-4.1.27.Final.jar;D:\workspace\MavenRepository\io\netty\netty-resolver\4.1.27.Final\netty-resolver-4.1.27.Final.jar;D:\workspace\MavenRepository\io\netty\netty-handler\4.1.27.Final\netty-handler-4.1.27.Final.jar;D:\workspace\MavenRepository\io\netty\netty-codec\4.1.27.Final\netty-codec-4.1.27.Final.jar;D:\workspace\MavenRepository\org\springframework\boot\spring-boot-starter-thymeleaf\2.0.4.RELEASE\spring-boot-starter-thymeleaf-2.0.4.RELEASE.jar;D:\workspace\MavenRepository\org\thymeleaf\thymeleaf-spring5\3.0.9.RELEASE\thymeleaf-spring5-3.0.9.RELEASE.jar;D:\workspace\MavenRepository\org\thymeleaf\thymeleaf\3.0.9.RELEASE\thymeleaf-3.0.9.RELEASE.jar;D:\workspace\MavenRepository\org\attoparser\attoparser\2.0.4.RELEASE\attoparser-2.0.4.RELEASE.jar;D:\workspace\MavenRepository\org\unbescape\unbescape\1.1.5.RELEASE\unbescape-1.1.5.RELEASE.jar;D:\workspace\MavenRepository\org\thymeleaf\extras\thymeleaf-extras-java8time\3.0.1.RELEASE\thymeleaf-extras-java8time-3.0.1.RELEASE.jar;D:\workspace\MavenRepository\org\mybatis\spring\boot\mybatis-spring-boot-starter\1.1.1\mybatis-spring-boot-starter-1.1.1.jar;D:\workspace\MavenRepository\org\mybatis\spring\boot\mybatis-spring-boot-autoconfigure\1.1.1\mybatis-spring-boot-autoconfigure-1.1.1.jar;D:\workspace\MavenRepository\org\mybatis\mybatis\3.4.0\mybatis-3.4.0.jar;D:\workspace\MavenRepository\org\mybatis\mybatis-spring\1.3.0\mybatis-spring-1.3.0.jar;D:\workspace\MavenRepository\net\sourceforge\nekohtml\nekohtml\1.9.22\nekohtml-1.9.22.jar;D:\workspace\MavenRepository\xerces\xercesImpl\2.11.0\xercesImpl-2.11.0.jar;D:\workspace\MavenRepository\com\alibaba\fastjson\1.2.52\fastjson-1.2.52.jar;D:\workspace\MavenRepository\commons-fileupload\commons-fileupload\1.3.2\commons-fileupload-1.3.2.jar;D:\workspace\MavenRepository\commons-io\commons-io\2.2\commons-io-2.2.jar;D:\workspace\MavenRepository\com\fasterxml\jackson\core\jackson-databind\2.9.8\jackson-databind-2.9.8.jar;D:\workspace\MavenRepository\com\fasterxml\jackson\core\jackson-core\2.9.8\jackson-core-2.9.8.jar;D:\workspace\MavenRepository\com\fasterxml\jackson\core\jackson-annotations\2.9.8\jackson-annotations-2.9.8.jar;D:\workspace\MavenRepository\org\codehaus\jackson\jackson-core-asl\1.9.13\jackson-core-asl-1.9.13.jar;D:\workspace\MavenRepository\org\apache\poi\poi\3.9\poi-3.9.jar;D:\workspace\MavenRepository\commons-codec\commons-codec\1.11\commons-codec-1.11.jar;D:\workspace\MavenRepository\org\apache\poi\poi-ooxml\4.0.1\poi-ooxml-4.0.1.jar;D:\workspace\MavenRepository\org\apache\commons\commons-compress\1.18\commons-compress-1.18.jar;D:\workspace\MavenRepository\com\github\virtuald\curvesapi\1.05\curvesapi-1.05.jar;D:\workspace\MavenRepository\org\apache\poi\poi-ooxml-schemas\4.0.1\poi-ooxml-schemas-4.0.1.jar;D:\workspace\MavenRepository\org\apache\xmlbeans\xmlbeans\3.0.2\xmlbeans-3.0.2.jar;D:\workspace\MavenRepository\dom4j\dom4j\1.6.1\dom4j-1.6.1.jar;D:\workspace\MavenRepository\xml-apis\xml-apis\1.4.01\xml-apis-1.4.01.jar;D:\workspace\MavenRepository\cn\afterturn\easypoi-base\3.0.1\easypoi-base-3.0.1.jar;D:\workspace\MavenRepository\com\google\guava\guava\16.0.1\guava-16.0.1.jar;D:\workspace\MavenRepository\org\apache\commons\commons-lang3\3.7\commons-lang3-3.7.jar;D:\workspace\MavenRepository\org\slf4j\slf4j-api\1.7.25\slf4j-api-1.7.25.jar;D:\workspace\MavenRepository\javax\validation\validation-api\2.0.1.Final\validation-api-2.0.1.Final.jar;D:\workspace\MavenRepository\cn\afterturn\easypoi-annotation\3.0.1\easypoi-annotation-3.0.1.jar;D:\workspace\MavenRepository\cn\afterturn\easypoi-web\3.0.1\easypoi-web-3.0.1.jar;D:\workspace\MavenRepository\org\springframework\boot\spring-boot-starter-mail\2.0.4.RELEASE\spring-boot-starter-mail-2.0.4.RELEASE.jar;D:\workspace\MavenRepository\org\springframework\spring-context\5.0.8.RELEASE\spring-context-5.0.8.RELEASE.jar;D:\workspace\MavenRepository\org\springframework\spring-context-support\5.0.8.RELEASE\spring-context-support-5.0.8.RELEASE.jar;D:\workspace\MavenRepository\com\sun\mail\javax.mail\1.6.1\javax.mail-1.6.1.jar;D:\workspace\MavenRepository\javax\activation\activation\1.1\activation-1.1.jar;D:\workspace\MavenRepository\io\springfox\springfox-swagger2\2.2.2\springfox-swagger2-2.2.2.jar;D:\workspace\MavenRepository\org\mapstruct\mapstruct\1.0.0.CR1\mapstruct-1.0.0.CR1.jar;D:\workspace\MavenRepository\io\swagger\swagger-annotations\1.5.3\swagger-annotations-1.5.3.jar;D:\workspace\MavenRepository\io\swagger\swagger-models\1.5.3\swagger-models-1.5.3.jar;D:\workspace\MavenRepository\io\springfox\springfox-spi\2.2.2\springfox-spi-2.2.2.jar;D:\workspace\MavenRepository\io\springfox\springfox-core\2.2.2\springfox-core-2.2.2.jar;D:\workspace\MavenRepository\io\springfox\springfox-schema\2.2.2\springfox-schema-2.2.2.jar;D:\workspace\MavenRepository\io\springfox\springfox-swagger-common\2.2.2\springfox-swagger-common-2.2.2.jar;D:\workspace\MavenRepository\io\springfox\springfox-spring-web\2.2.2\springfox-spring-web-2.2.2.jar;D:\workspace\MavenRepository\com\fasterxml\classmate\1.3.4\classmate-1.3.4.jar;D:\workspace\MavenRepository\org\aspectj\aspectjrt\1.8.13\aspectjrt-1.8.13.jar;D:\workspace\MavenRepository\org\aspectj\aspectjweaver\1.8.13\aspectjweaver-1.8.13.jar;D:\workspace\MavenRepository\org\springframework\plugin\spring-plugin-core\1.2.0.RELEASE\spring-plugin-core-1.2.0.RELEASE.jar;D:\workspace\MavenRepository\org\springframework\plugin\spring-plugin-metadata\1.2.0.RELEASE\spring-plugin-metadata-1.2.0.RELEASE.jar;D:\workspace\MavenRepository\org\springframework\hateoas\spring-hateoas\0.25.0.RELEASE\spring-hateoas-0.25.0.RELEASE.jar;D:\workspace\MavenRepository\io\springfox\springfox-swagger-ui\2.2.2\springfox-swagger-ui-2.2.2.jar;D:\workspace\MavenRepository\org\apache\shiro\shiro-spring\1.3.2\shiro-spring-1.3.2.jar;D:\workspace\MavenRepository\org\apache\shiro\shiro-core\1.3.2\shiro-core-1.3.2.jar;D:\workspace\MavenRepository\commons-beanutils\commons-beanutils\1.8.3\commons-beanutils-1.8.3.jar;D:\workspace\MavenRepository\org\apache\shiro\shiro-web\1.3.2\shiro-web-1.3.2.jar;D:\workspace\MavenRepository\cn\hutool\hutool-all\4.0.12\hutool-all-4.0.12.jar;"/>
    <property name="java.vm.vendor" value="Oracle Corporation"/>
    <property name="sun.arch.data.model" value="64"/>
    <property name="user.variant" value=""/>
    <property name="java.vendor.url" value="http://java.oracle.com/"/>
    <property name="user.timezone" value=""/>
    <property name="java.vm.specification.version" value="1.8"/>
    <property name="os.name" value="Windows 10"/>
    <property name="user.country" value="CN"/>
    <property name="sun.java.launcher" value="SUN_STANDARD"/>
    <property name="sun.boot.library.path" value="C:\Program Files\Java\jdk1.8.0_74\jre\bin"/>
    <property name="sun.java.command" value="C:\Users\ASUS\AppData\Local\Temp\surefire1870021318344623766\surefirebooter3513614361832971728.jar C:\Users\ASUS\AppData\Local\Temp\surefire1870021318344623766 2021-03-27T21-44-28_554-jvmRun1 surefire2522817342290541805tmp surefire_08463677289702818935tmp"/>
    <property name="surefire.test.class.path" value="D:\workspace\CreditReferencePlatform\target\test-classes;D:\workspace\CreditReferencePlatform\target\classes;D:\workspace\MavenRepository\org\springframework\boot\spring-boot-starter-web\2.0.4.RELEASE\spring-boot-starter-web-2.0.4.RELEASE.jar;D:\workspace\MavenRepository\org\springframework\boot\spring-boot-starter\2.0.4.RELEASE\spring-boot-starter-2.0.4.RELEASE.jar;D:\workspace\MavenRepository\org\springframework\boot\spring-boot-starter-logging\2.0.4.RELEASE\spring-boot-starter-logging-2.0.4.RELEASE.jar;D:\workspace\MavenRepository\ch\qos\logback\logback-classic\1.2.3\logback-classic-1.2.3.jar;D:\workspace\MavenRepository\ch\qos\logback\logback-core\1.2.3\logback-core-1.2.3.jar;D:\workspace\MavenRepository\org\apache\logging\log4j\log4j-to-slf4j\2.10.0\log4j-to-slf4j-2.10.0.jar;D:\workspace\MavenRepository\org\apache\logging\log4j\log4j-api\2.10.0\log4j-api-2.10.0.jar;D:\workspace\MavenRepository\org\slf4j\jul-to-slf4j\1.7.25\jul-to-slf4j-1.7.25.jar;D:\workspace\MavenRepository\org\yaml\snakeyaml\1.19\snakeyaml-1.19.jar;D:\workspace\MavenRepository\org\springframework\boot\spring-boot-starter-json\2.0.4.RELEASE\spring-boot-starter-json-2.0.4.RELEASE.jar;D:\workspace\MavenRepository\com\fasterxml\jackson\datatype\jackson-datatype-jdk8\2.9.6\jackson-datatype-jdk8-2.9.6.jar;D:\workspace\MavenRepository\com\fasterxml\jackson\datatype\jackson-datatype-jsr310\2.9.6\jackson-datatype-jsr310-2.9.6.jar;D:\workspace\MavenRepository\com\fasterxml\jackson\module\jackson-module-parameter-names\2.9.6\jackson-module-parameter-names-2.9.6.jar;D:\workspace\MavenRepository\org\hibernate\validator\hibernate-validator\6.0.11.Final\hibernate-validator-6.0.11.Final.jar;D:\workspace\MavenRepository\org\jboss\logging\jboss-logging\3.3.2.Final\jboss-logging-3.3.2.Final.jar;D:\workspace\MavenRepository\org\springframework\spring-web\5.0.8.RELEASE\spring-web-5.0.8.RELEASE.jar;D:\workspace\MavenRepository\org\springframework\spring-beans\5.0.8.RELEASE\spring-beans-5.0.8.RELEASE.jar;D:\workspace\MavenRepository\org\springframework\spring-webmvc\5.0.8.RELEASE\spring-webmvc-5.0.8.RELEASE.jar;D:\workspace\MavenRepository\org\springframework\spring-aop\5.0.8.RELEASE\spring-aop-5.0.8.RELEASE.jar;D:\workspace\MavenRepository\org\springframework\spring-expression\5.0.8.RELEASE\spring-expression-5.0.8.RELEASE.jar;D:\workspace\MavenRepository\org\springframework\boot\spring-boot-starter-tomcat\2.0.4.RELEASE\spring-boot-starter-tomcat-2.0.4.RELEASE.jar;D:\workspace\MavenRepository\javax\annotation\javax.annotation-api\1.3.2\javax.annotation-api-1.3.2.jar;D:\workspace\MavenRepository\org\apache\tomcat\embed\tomcat-embed-core\8.5.32\tomcat-embed-core-8.5.32.jar;D:\workspace\MavenRepository\org\apache\tomcat\embed\tomcat-embed-el\8.5.32\tomcat-embed-el-8.5.32.jar;D:\workspace\MavenRepository\org\apache\tomcat\embed\tomcat-embed-websocket\8.5.32\tomcat-embed-websocket-8.5.32.jar;D:\workspace\MavenRepository\junit\junit\4.12\junit-4.12.jar;D:\workspace\MavenRepository\org\hamcrest\hamcrest-core\1.3\hamcrest-core-1.3.jar;D:\workspace\MavenRepository\javax\servlet\javax.servlet-api\3.1.0\javax.servlet-api-3.1.0.jar;D:\workspace\MavenRepository\javax\servlet\jstl\1.2\jstl-1.2.jar;D:\workspace\MavenRepository\org\apache\tomcat\embed\tomcat-embed-jasper\8.5.32\tomcat-embed-jasper-8.5.32.jar;D:\workspace\MavenRepository\org\eclipse\jdt\ecj\3.12.3\ecj-3.12.3.jar;D:\workspace\MavenRepository\org\springframework\boot\spring-boot-devtools\2.0.4.RELEASE\spring-boot-devtools-2.0.4.RELEASE.jar;D:\workspace\MavenRepository\org\springframework\boot\spring-boot\2.0.4.RELEASE\spring-boot-2.0.4.RELEASE.jar;D:\workspace\MavenRepository\org\springframework\boot\spring-boot-autoconfigure\2.0.4.RELEASE\spring-boot-autoconfigure-2.0.4.RELEASE.jar;D:\workspace\MavenRepository\mysql\mysql-connector-java\5.1.21\mysql-connector-java-5.1.21.jar;D:\workspace\MavenRepository\org\springframework\boot\spring-boot-starter-data-jpa\2.0.4.RELEASE\spring-boot-starter-data-jpa-2.0.4.RELEASE.jar;D:\workspace\MavenRepository\org\springframework\boot\spring-boot-starter-aop\2.0.4.RELEASE\spring-boot-starter-aop-2.0.4.RELEASE.jar;D:\workspace\MavenRepository\org\springframework\boot\spring-boot-starter-jdbc\2.0.4.RELEASE\spring-boot-starter-jdbc-2.0.4.RELEASE.jar;D:\workspace\MavenRepository\com\zaxxer\HikariCP\2.7.9\HikariCP-2.7.9.jar;D:\workspace\MavenRepository\org\springframework\spring-jdbc\5.0.8.RELEASE\spring-jdbc-5.0.8.RELEASE.jar;D:\workspace\MavenRepository\org\hibernate\hibernate-core\5.2.17.Final\hibernate-core-5.2.17.Final.jar;D:\workspace\MavenRepository\org\hibernate\javax\persistence\hibernate-jpa-2.1-api\1.0.2.Final\hibernate-jpa-2.1-api-1.0.2.Final.jar;D:\workspace\MavenRepository\org\javassist\javassist\3.22.0-GA\javassist-3.22.0-GA.jar;D:\workspace\MavenRepository\antlr\antlr\2.7.7\antlr-2.7.7.jar;D:\workspace\MavenRepository\org\jboss\jandex\2.0.3.Final\jandex-2.0.3.Final.jar;D:\workspace\MavenRepository\org\hibernate\common\hibernate-commons-annotations\5.0.1.Final\hibernate-commons-annotations-5.0.1.Final.jar;D:\workspace\MavenRepository\javax\transaction\javax.transaction-api\1.2\javax.transaction-api-1.2.jar;D:\workspace\MavenRepository\org\springframework\data\spring-data-jpa\2.0.9.RELEASE\spring-data-jpa-2.0.9.RELEASE.jar;D:\workspace\MavenRepository\org\springframework\data\spring-data-commons\2.0.9.RELEASE\spring-data-commons-2.0.9.RELEASE.jar;D:\workspace\MavenRepository\org\springframework\spring-orm\5.0.8.RELEASE\spring-orm-5.0.8.RELEASE.jar;D:\workspace\MavenRepository\org\springframework\spring-tx\5.0.8.RELEASE\spring-tx-5.0.8.RELEASE.jar;D:\workspace\MavenRepository\org\springframework\spring-aspects\5.0.8.RELEASE\spring-aspects-5.0.8.RELEASE.jar;D:\workspace\MavenRepository\org\projectlombok\lombok\1.16.20\lombok-1.16.20.jar;D:\workspace\MavenRepository\org\springframework\boot\spring-boot-starter-test\2.0.4.RELEASE\spring-boot-starter-test-2.0.4.RELEASE.jar;D:\workspace\MavenRepository\org\springframework\boot\spring-boot-test\2.0.4.RELEASE\spring-boot-test-2.0.4.RELEASE.jar;D:\workspace\MavenRepository\org\springframework\boot\spring-boot-test-autoconfigure\2.0.4.RELEASE\spring-boot-test-autoconfigure-2.0.4.RELEASE.jar;D:\workspace\MavenRepository\com\jayway\jsonpath\json-path\2.4.0\json-path-2.4.0.jar;D:\workspace\MavenRepository\net\minidev\json-smart\2.3\json-smart-2.3.jar;D:\workspace\MavenRepository\net\minidev\accessors-smart\1.2\accessors-smart-1.2.jar;D:\workspace\MavenRepository\org\ow2\asm\asm\5.0.4\asm-5.0.4.jar;D:\workspace\MavenRepository\org\assertj\assertj-core\3.9.1\assertj-core-3.9.1.jar;D:\workspace\MavenRepository\org\mockito\mockito-core\2.15.0\mockito-core-2.15.0.jar;D:\workspace\MavenRepository\net\bytebuddy\byte-buddy\1.7.11\byte-buddy-1.7.11.jar;D:\workspace\MavenRepository\net\bytebuddy\byte-buddy-agent\1.7.11\byte-buddy-agent-1.7.11.jar;D:\workspace\MavenRepository\org\objenesis\objenesis\2.6\objenesis-2.6.jar;D:\workspace\MavenRepository\org\hamcrest\hamcrest-library\1.3\hamcrest-library-1.3.jar;D:\workspace\MavenRepository\org\skyscreamer\jsonassert\1.5.0\jsonassert-1.5.0.jar;D:\workspace\MavenRepository\com\vaadin\external\google\android-json\0.0.20131108.vaadin1\android-json-0.0.20131108.vaadin1.jar;D:\workspace\MavenRepository\org\springframework\spring-core\5.0.8.RELEASE\spring-core-5.0.8.RELEASE.jar;D:\workspace\MavenRepository\org\springframework\spring-jcl\5.0.8.RELEASE\spring-jcl-5.0.8.RELEASE.jar;D:\workspace\MavenRepository\org\springframework\spring-test\5.0.8.RELEASE\spring-test-5.0.8.RELEASE.jar;D:\workspace\MavenRepository\org\xmlunit\xmlunit-core\2.5.1\xmlunit-core-2.5.1.jar;D:\workspace\MavenRepository\org\springframework\boot\spring-boot-starter-data-redis\2.0.4.RELEASE\spring-boot-starter-data-redis-2.0.4.RELEASE.jar;D:\workspace\MavenRepository\org\springframework\data\spring-data-redis\2.0.9.RELEASE\spring-data-redis-2.0.9.RELEASE.jar;D:\workspace\MavenRepository\org\springframework\data\spring-data-keyvalue\2.0.9.RELEASE\spring-data-keyvalue-2.0.9.RELEASE.jar;D:\workspace\MavenRepository\org\springframework\spring-oxm\5.0.8.RELEASE\spring-oxm-5.0.8.RELEASE.jar;D:\workspace\MavenRepository\io\lettuce\lettuce-core\5.0.4.RELEASE\lettuce-core-5.0.4.RELEASE.jar;D:\workspace\MavenRepository\io\projectreactor\reactor-core\3.1.8.RELEASE\reactor-core-3.1.8.RELEASE.jar;D:\workspace\MavenRepository\org\reactivestreams\reactive-streams\1.0.2\reactive-streams-1.0.2.jar;D:\workspace\MavenRepository\io\netty\netty-common\4.1.27.Final\netty-common-4.1.27.Final.jar;D:\workspace\MavenRepository\io\netty\netty-transport\4.1.27.Final\netty-transport-4.1.27.Final.jar;D:\workspace\MavenRepository\io\netty\netty-buffer\4.1.27.Final\netty-buffer-4.1.27.Final.jar;D:\workspace\MavenRepository\io\netty\netty-resolver\4.1.27.Final\netty-resolver-4.1.27.Final.jar;D:\workspace\MavenRepository\io\netty\netty-handler\4.1.27.Final\netty-handler-4.1.27.Final.jar;D:\workspace\MavenRepository\io\netty\netty-codec\4.1.27.Final\netty-codec-4.1.27.Final.jar;D:\workspace\MavenRepository\org\springframework\boot\spring-boot-starter-thymeleaf\2.0.4.RELEASE\spring-boot-starter-thymeleaf-2.0.4.RELEASE.jar;D:\workspace\MavenRepository\org\thymeleaf\thymeleaf-spring5\3.0.9.RELEASE\thymeleaf-spring5-3.0.9.RELEASE.jar;D:\workspace\MavenRepository\org\thymeleaf\thymeleaf\3.0.9.RELEASE\thymeleaf-3.0.9.RELEASE.jar;D:\workspace\MavenRepository\org\attoparser\attoparser\2.0.4.RELEASE\attoparser-2.0.4.RELEASE.jar;D:\workspace\MavenRepository\org\unbescape\unbescape\1.1.5.RELEASE\unbescape-1.1.5.RELEASE.jar;D:\workspace\MavenRepository\org\thymeleaf\extras\thymeleaf-extras-java8time\3.0.1.RELEASE\thymeleaf-extras-java8time-3.0.1.RELEASE.jar;D:\workspace\MavenRepository\org\mybatis\spring\boot\mybatis-spring-boot-starter\1.1.1\mybatis-spring-boot-starter-1.1.1.jar;D:\workspace\MavenRepository\org\mybatis\spring\boot\mybatis-spring-boot-autoconfigure\1.1.1\mybatis-spring-boot-autoconfigure-1.1.1.jar;D:\workspace\MavenRepository\org\mybatis\mybatis\3.4.0\mybatis-3.4.0.jar;D:\workspace\MavenRepository\org\mybatis\mybatis-spring\1.3.0\mybatis-spring-1.3.0.jar;D:\workspace\MavenRepository\net\sourceforge\nekohtml\nekohtml\1.9.22\nekohtml-1.9.22.jar;D:\workspace\MavenRepository\xerces\xercesImpl\2.11.0\xercesImpl-2.11.0.jar;D:\workspace\MavenRepository\com\alibaba\fastjson\1.2.52\fastjson-1.2.52.jar;D:\workspace\MavenRepository\commons-fileupload\commons-fileupload\1.3.2\commons-fileupload-1.3.2.jar;D:\workspace\MavenRepository\commons-io\commons-io\2.2\commons-io-2.2.jar;D:\workspace\MavenRepository\com\fasterxml\jackson\core\jackson-databind\2.9.8\jackson-databind-2.9.8.jar;D:\workspace\MavenRepository\com\fasterxml\jackson\core\jackson-core\2.9.8\jackson-core-2.9.8.jar;D:\workspace\MavenRepository\com\fasterxml\jackson\core\jackson-annotations\2.9.8\jackson-annotations-2.9.8.jar;D:\workspace\MavenRepository\org\codehaus\jackson\jackson-core-asl\1.9.13\jackson-core-asl-1.9.13.jar;D:\workspace\MavenRepository\org\apache\poi\poi\3.9\poi-3.9.jar;D:\workspace\MavenRepository\commons-codec\commons-codec\1.11\commons-codec-1.11.jar;D:\workspace\MavenRepository\org\apache\poi\poi-ooxml\4.0.1\poi-ooxml-4.0.1.jar;D:\workspace\MavenRepository\org\apache\commons\commons-compress\1.18\commons-compress-1.18.jar;D:\workspace\MavenRepository\com\github\virtuald\curvesapi\1.05\curvesapi-1.05.jar;D:\workspace\MavenRepository\org\apache\poi\poi-ooxml-schemas\4.0.1\poi-ooxml-schemas-4.0.1.jar;D:\workspace\MavenRepository\org\apache\xmlbeans\xmlbeans\3.0.2\xmlbeans-3.0.2.jar;D:\workspace\MavenRepository\dom4j\dom4j\1.6.1\dom4j-1.6.1.jar;D:\workspace\MavenRepository\xml-apis\xml-apis\1.4.01\xml-apis-1.4.01.jar;D:\workspace\MavenRepository\cn\afterturn\easypoi-base\3.0.1\easypoi-base-3.0.1.jar;D:\workspace\MavenRepository\com\google\guava\guava\16.0.1\guava-16.0.1.jar;D:\workspace\MavenRepository\org\apache\commons\commons-lang3\3.7\commons-lang3-3.7.jar;D:\workspace\MavenRepository\org\slf4j\slf4j-api\1.7.25\slf4j-api-1.7.25.jar;D:\workspace\MavenRepository\javax\validation\validation-api\2.0.1.Final\validation-api-2.0.1.Final.jar;D:\workspace\MavenRepository\cn\afterturn\easypoi-annotation\3.0.1\easypoi-annotation-3.0.1.jar;D:\workspace\MavenRepository\cn\afterturn\easypoi-web\3.0.1\easypoi-web-3.0.1.jar;D:\workspace\MavenRepository\org\springframework\boot\spring-boot-starter-mail\2.0.4.RELEASE\spring-boot-starter-mail-2.0.4.RELEASE.jar;D:\workspace\MavenRepository\org\springframework\spring-context\5.0.8.RELEASE\spring-context-5.0.8.RELEASE.jar;D:\workspace\MavenRepository\org\springframework\spring-context-support\5.0.8.RELEASE\spring-context-support-5.0.8.RELEASE.jar;D:\workspace\MavenRepository\com\sun\mail\javax.mail\1.6.1\javax.mail-1.6.1.jar;D:\workspace\MavenRepository\javax\activation\activation\1.1\activation-1.1.jar;D:\workspace\MavenRepository\io\springfox\springfox-swagger2\2.2.2\springfox-swagger2-2.2.2.jar;D:\workspace\MavenRepository\org\mapstruct\mapstruct\1.0.0.CR1\mapstruct-1.0.0.CR1.jar;D:\workspace\MavenRepository\io\swagger\swagger-annotations\1.5.3\swagger-annotations-1.5.3.jar;D:\workspace\MavenRepository\io\swagger\swagger-models\1.5.3\swagger-models-1.5.3.jar;D:\workspace\MavenRepository\io\springfox\springfox-spi\2.2.2\springfox-spi-2.2.2.jar;D:\workspace\MavenRepository\io\springfox\springfox-core\2.2.2\springfox-core-2.2.2.jar;D:\workspace\MavenRepository\io\springfox\springfox-schema\2.2.2\springfox-schema-2.2.2.jar;D:\workspace\MavenRepository\io\springfox\springfox-swagger-common\2.2.2\springfox-swagger-common-2.2.2.jar;D:\workspace\MavenRepository\io\springfox\springfox-spring-web\2.2.2\springfox-spring-web-2.2.2.jar;D:\workspace\MavenRepository\com\fasterxml\classmate\1.3.4\classmate-1.3.4.jar;D:\workspace\MavenRepository\org\aspectj\aspectjrt\1.8.13\aspectjrt-1.8.13.jar;D:\workspace\MavenRepository\org\aspectj\aspectjweaver\1.8.13\aspectjweaver-1.8.13.jar;D:\workspace\MavenRepository\org\springframework\plugin\spring-plugin-core\1.2.0.RELEASE\spring-plugin-core-1.2.0.RELEASE.jar;D:\workspace\MavenRepository\org\springframework\plugin\spring-plugin-metadata\1.2.0.RELEASE\spring-plugin-metadata-1.2.0.RELEASE.jar;D:\workspace\MavenRepository\org\springframework\hateoas\spring-hateoas\0.25.0.RELEASE\spring-hateoas-0.25.0.RELEASE.jar;D:\workspace\MavenRepository\io\springfox\springfox-swagger-ui\2.2.2\springfox-swagger-ui-2.2.2.jar;D:\workspace\MavenRepository\org\apache\shiro\shiro-spring\1.3.2\shiro-spring-1.3.2.jar;D:\workspace\MavenRepository\org\apache\shiro\shiro-core\1.3.2\shiro-core-1.3.2.jar;D:\workspace\MavenRepository\commons-beanutils\commons-beanutils\1.8.3\commons-beanutils-1.8.3.jar;D:\workspace\MavenRepository\org\apache\shiro\shiro-web\1.3.2\shiro-web-1.3.2.jar;D:\workspace\MavenRepository\cn\hutool\hutool-all\4.0.12\hutool-all-4.0.12.jar;"/>
    <property name="sun.cpu.endian" value="little"/>
    <property name="user.home" value="C:\Users\ASUS"/>
    <property name="user.language" value="zh"/>
    <property name="java.specification.vendor" value="Oracle Corporation"/>
    <property name="java.home" value="C:\Program Files\Java\jdk1.8.0_74\jre"/>
    <property name="basedir" value="D:\workspace\CreditReferencePlatform"/>
    <property name="file.separator" value="\"/>
    <property name="line.separator" value="&#10;"/>
    <property name="java.vm.specification.vendor" value="Oracle Corporation"/>
    <property name="java.specification.name" value="Java Platform API Specification"/>
    <property name="java.awt.graphicsenv" value="sun.awt.Win32GraphicsEnvironment"/>
    <property name="surefire.real.class.path" value="C:\Users\ASUS\AppData\Local\Temp\surefire1870021318344623766\surefirebooter3513614361832971728.jar"/>
    <property name="sun.boot.class.path" value="C:\Program Files\Java\jdk1.8.0_74\jre\lib\resources.jar;C:\Program Files\Java\jdk1.8.0_74\jre\lib\rt.jar;C:\Program Files\Java\jdk1.8.0_74\jre\lib\sunrsasign.jar;C:\Program Files\Java\jdk1.8.0_74\jre\lib\jsse.jar;C:\Program Files\Java\jdk1.8.0_74\jre\lib\jce.jar;C:\Program Files\Java\jdk1.8.0_74\jre\lib\charsets.jar;C:\Program Files\Java\jdk1.8.0_74\jre\lib\jfr.jar;C:\Program Files\Java\jdk1.8.0_74\jre\classes"/>
    <property name="user.script" value=""/>
    <property name="sun.management.compiler" value="HotSpot 64-Bit Tiered Compilers"/>
    <property name="java.runtime.version" value="1.8.0_74-b02"/>
    <property name="user.name" value="ASUS"/>
    <property name="path.separator" value=";"/>
    <property name="os.version" value="10.0"/>
    <property name="java.endorsed.dirs" value="C:\Program Files\Java\jdk1.8.0_74\jre\lib\endorsed"/>
    <property name="java.runtime.name" value="Java(TM) SE Runtime Environment"/>
    <property name="file.encoding" value="GBK"/>
    <property name="java.vm.name" value="Java HotSpot(TM) 64-Bit Server VM"/>
    <property name="localRepository" value="D:\workspace\MavenRepository"/>
    <property name="java.vendor.url.bug" value="http://bugreport.sun.com/bugreport/"/>
    <property name="java.io.tmpdir" value="C:\Users\ASUS\AppData\Local\Temp\"/>
    <property name="idea.version" value="2020.2.3"/>
    <property name="java.version" value="1.8.0_74"/>
    <property name="user.dir" value="D:\workspace\CreditReferencePlatform"/>
    <property name="os.arch" value="amd64"/>
    <property name="java.vm.specification.name" value="Java Virtual Machine Specification"/>
    <property name="java.awt.printerjob" value="sun.awt.windows.WPrinterJob"/>
    <property name="sun.os.patch.level" value=""/>
    <property name="java.library.path" value="C:\Program Files\Java\jdk1.8.0_74\jre\bin;C:\windows\Sun\Java\bin;C:\windows\system32;C:\windows;D:\Anaconda3;D:\Anaconda3\Library\mingw-w64\bin;D:\Anaconda3\Library\usr\bin;D:\Anaconda3\Library\bin;D:\Anaconda3\Scripts;C:\ProgramData\Oracle\Java\javapath;C:\windows\system32;C:\windows;C:\windows\System32\Wbem;C:\windows\System32\WindowsPowerShell\v1.0\;C:\windows\System32\OpenSSH\;D:\Git\cmd;C:\Program Files\Java\jdk1.8.0_74\bin;C:\Program Files\Java\jdk1.8.0_74\jre\bin;D:\mysql-8.0.22-winx64\bin;D:\apache-maven-3.6.3\bin;C:\Program Files\dotnet\;C:\Program Files\Microsoft SQL Server\130\Tools\Binn\;C:\Program Files\Microsoft SQL Server\Client SDK\ODBC\170\Tools\Binn\;D:\MATLAB\R2018a\runtime\win64;D:\MATLAB\R2018a\bin;D:\apache-tomcat-8.0.50\bin;D:\apache-tomcat-8.0.50\lib;D:\gradle-6.8.3\bin;C:\Users\ASUS\AppData\Local\Microsoft\WindowsApps;;D:\JetBrains\IntelliJ IDEA 2020.2.3\bin;;C:\Users\ASUS\.dotnet\tools;D:\JetBrains\PyCharm 2020.2.3\bin;;."/>
    <property name="java.vm.info" value="mixed mode"/>
    <property name="java.vendor" value="Oracle Corporation"/>
    <property name="java.vm.version" value="25.74-b02"/>
    <property name="java.ext.dirs" value="C:\Program Files\Java\jdk1.8.0_74\jre\lib\ext;C:\windows\Sun\Java\lib\ext"/>
    <property name="sun.io.unicode.encoding" value="UnicodeLittle"/>
    <property name="java.class.version" value="52.0"/>
  </properties>
  <testcase name="contextLoads" classname="com.zhengyuan.liunao.TestSpboot2.TestSpboot2ApplicationTests" time="0.078"/>
</testsuite>